\BOOKMARK [0][-]{chapter.1}{\376\377\000P\000r\000e\000f\000a\000c\000e}{}% 1
\BOOKMARK [1][-]{section.1.1}{\376\377\122\250\147\072}{chapter.1}% 2
\BOOKMARK [1][-]{section.1.2}{\376\377\121\215\116\000\160\271\213\364\146\016}{chapter.1}% 3
\BOOKMARK [0][-]{chapter.2}{\376\377\000L\000i\000n\000u\000x\000\040\000w\000o\000r\000l\000d}{}% 4
\BOOKMARK [1][-]{section.2.1}{\376\377\000L\000i\000n\000u\000x\162\110\147\054\220\011\142\351}{chapter.2}% 5
\BOOKMARK [2][-]{subsection.2.1.1}{\376\377\000L\000i\000n\000u\000x\000\040\000M\000i\000n\000t}{section.2.1}% 6
\BOOKMARK [2][-]{subsection.2.1.2}{\376\377\000o\000p\000e\000n\000S\000U\000S\000E}{section.2.1}% 7
\BOOKMARK [1][-]{section.2.2}{\376\377\165\037\116\247\122\233\135\345\121\167}{chapter.2}% 8
\BOOKMARK [2][-]{subsection.2.2.1}{\376\377\000V\000i\000m\145\207\147\054\177\026\217\221\126\150}{section.2.2}% 9
\BOOKMARK [2][-]{subsection.2.2.2}{\376\377\000E\000m\000a\000c\000s\145\207\147\054\177\026\217\221\126\150}{section.2.2}% 10
\BOOKMARK [2][-]{subsection.2.2.3}{\376\377\000o\000h\000\040\000m\000y\000\040\000z\000s\000h}{section.2.2}% 11
\BOOKMARK [2][-]{subsection.2.2.4}{\376\377\000L\000a\000T\000e\000X}{section.2.2}% 12
\BOOKMARK [2][-]{subsection.2.2.5}{\376\377\000V\000i\000d\000e\000o\060\001\000A\000u\000d\000i\000o\060\001\000P\000i\000c\000t\000u\000r\000e\131\032\132\222\117\123\177\026\217\221}{section.2.2}% 13
\BOOKMARK [2][-]{subsection.2.2.6}{\376\377\000O\000f\000f\000i\000c\000e\122\236\121\154}{section.2.2}% 14
\BOOKMARK [1][-]{section.2.3}{\376\377\121\166\133\203\136\070\165\050\135\345\121\167}{chapter.2}% 15
\BOOKMARK [2][-]{subsection.2.3.1}{\376\377\000M\000a\000t\000h\145\160\133\146\135\345\121\167}{section.2.3}% 16
\BOOKMARK [2][-]{subsection.2.3.2}{\376\377\000P\000r\000o\000g\000r\000a\000m\177\026\172\013\135\345\121\167}{section.2.3}% 17
\BOOKMARK [0][-]{chapter.3}{\376\377\000M\000a\000c\000\040\000w\000o\000r\000l\000d}{}% 18
\BOOKMARK [1][-]{section.3.1}{\376\377\174\373\176\337\213\276\177\156}{chapter.3}% 19
\BOOKMARK [2][-]{subsection.3.1.1}{\376\377\000B\000e\000t\000t\000e\000r\000T\000o\000u\000c\000h\000T\000o\000o\000l}{section.3.1}% 20
\BOOKMARK [2][-]{subsection.3.1.2}{\376\377\000H\000o\000m\000e\000b\000r\000e\000w}{section.3.1}% 21
\BOOKMARK [1][-]{section.3.2}{\376\377\165\037\116\247\122\233\135\345\121\167}{chapter.3}% 22
\BOOKMARK [2][-]{subsection.3.2.1}{\376\377\000T\000e\000x\000t\000W\000r\000a\000n\000g\000l\000e\000r}{section.3.2}% 23
\BOOKMARK [2][-]{subsection.3.2.2}{\376\377\000N\000e\000o\000O\000f\000f\000i\000c\000e}{section.3.2}% 24
\BOOKMARK [2][-]{subsection.3.2.3}{\376\377\121\166\133\203\135\345\121\167\143\250\203\120}{section.3.2}% 25
\BOOKMARK [0][-]{chapter.4}{\376\377\000W\000i\000n\000d\000o\000w\000s\000\040\000w\000o\000r\000l\000d}{}% 26
\BOOKMARK [1][-]{section.4.1}{\376\377\174\373\176\337\213\276\177\156}{chapter.4}% 27
\BOOKMARK [1][-]{section.4.2}{\376\377\165\037\116\247\122\233\135\345\121\167}{chapter.4}% 28
\BOOKMARK [2][-]{subsection.4.2.1}{\376\377\000E\000v\000e\000r\000n\000o\000t\000e}{section.4.2}% 29
\BOOKMARK [2][-]{subsection.4.2.2}{\376\377\000O\000n\000e\000D\000r\000i\000v\000e}{section.4.2}% 30
\BOOKMARK [1][-]{section.4.3}{\376\377\146\364\131\032\217\157\116\366\143\250\203\120}{chapter.4}% 31
\BOOKMARK [1][-]{section.4.4}{\376\377\137\000\156\220\217\157\116\366\147\345\142\176\177\121\172\331}{chapter.4}% 32
\BOOKMARK [1][-]{section.4.5}{\376\377\124\016\213\260}{chapter.4}% 33
\BOOKMARK [0][-]{section*.27}{\376\377\000I\000n\000d\000e\000x}{}% 34
